<?xml version="1.0" encoding="UTF-8"?>
<!-- Generated by org.testng.reporters.JUnitReportReporter -->
<testsuite hostname="PC" failures="0" tests="4" name="testLayer.LoginTest" time="32.947" errors="0" timestamp="2023-08-02T18:22:10 EDT" skipped="0">
  <testcase classname="testLayer.LoginTest" name="Title" time="6.680"/>
  <system-out/>
  <testcase classname="testLayer.LoginTest" name="Login" time="9.056"/>
  <system-out/>
  <testcase classname="testLayer.LoginTest" name="Login" time="8.433"/>
  <system-out/>
  <testcase classname="testLayer.LoginTest" name="Login" time="8.778"/>
  <system-out/>
</testsuite> <!-- testLayer.LoginTest -->
