<?xml version="1.0" encoding="UTF-8"?>
<!-- Generated by org.testng.reporters.JUnitReportReporter -->
<testsuite hostname="PC" failures="0" tests="1" name="testLayer.Dashboard" time="19.811" errors="0" timestamp="2023-08-02T19:22:05 EDT" skipped="0">
  <testcase classname="testLayer.Dashboard" name="dologin" time="19.811"/>
  <system-out/>
</testsuite> <!-- testLayer.Dashboard -->
